[15:58:21] [main/INFO]: Setting user: Player843
[15:58:22] [Client thread/INFO]: LWJGL Version: 2.9.1
[15:58:25] [Client thread/INFO]: Reloading ResourceManager: Default, FMLFileResourcePack:Forge Mod Loader, FMLFileResourcePack:Minecraft Forge, FMLFileResourcePack:Lyoko Energistics
[15:58:26] [Sound Library Loader/INFO]: Sound engine started
[15:58:26] [Client thread/INFO]: Created: 512x256 textures/blocks-atlas
[15:58:26] [Client thread/INFO]: Created: 256x256 textures/items-atlas
[15:58:26] [Client thread/INFO]: Reloading ResourceManager: Default, FMLFileResourcePack:Forge Mod Loader, FMLFileResourcePack:Minecraft Forge, FMLFileResourcePack:Lyoko Energistics
[15:58:27] [Client thread/INFO]: Created: 256x256 textures/items-atlas
[15:58:27] [Client thread/INFO]: Created: 512x256 textures/blocks-atlas
[15:58:28] [Sound Library Loader/INFO]: Sound engine started
[15:58:30] [Server thread/INFO]: Starting integrated minecraft server version 1.7.10
[15:58:30] [Server thread/INFO]: Generating keypair
[15:58:30] [Server thread/INFO]: Preparing start region for level 0
[15:58:31] [Server thread/INFO]: Changing view distance to 12, from 10
[15:58:31] [Server thread/INFO]: Player843[local:E:a398736d] logged in with entity id 342 at (-168.5, 67.0, 260.5)
[15:58:31] [Server thread/INFO]: Player843 joined the game
[15:58:34] [Server thread/INFO]: Player843 has just earned the achievement [Taking Inventory]
[15:58:34] [Client thread/INFO]: [CHAT] Player843 has just earned the achievement [Taking Inventory]
[15:58:37] [Server thread/INFO]: Saving and pausing game...
[15:58:37] [Server thread/INFO]: Saving chunks for level 'New World'/Overworld
[15:58:37] [Server thread/INFO]: Saving chunks for level 'New World'/Nether
[15:58:37] [Server thread/INFO]: Saving chunks for level 'New World'/The End
[15:58:37] [Server thread/INFO]: Stopping server
[15:58:37] [Server thread/INFO]: Saving players
[15:58:37] [Server thread/INFO]: Saving worlds
[15:58:37] [Server thread/INFO]: Saving chunks for level 'New World'/Overworld
[15:58:37] [Server thread/INFO]: Saving chunks for level 'New World'/Nether
[15:58:37] [Server thread/INFO]: Saving chunks for level 'New World'/The End
[15:58:38] [Client thread/INFO]: Stopping!
